生成启动时间为 2017/3/24 9:57:20。
     1>项目“C:\Users\DKgint\Documents\Visual Studio 2013\Projects\Usb\libUsb\libUsb.vcxproj”在节点 2 上(Build 个目标)。
     1>ClCompile:
         E:\Program Files (x86)\Microsoft Visual Studio 12.0\VC\bin\x86_amd64\CL.exe /c /Zi /nologo /W3 /WX- /sdl /Od /D WIN32 /D _DEBUG /D _LIB /D _UNICODE /D UNICODE /Gm /EHsc /RTC1 /MDd /GS /fp:precise /Zc:wchar_t /Zc:forScope /Yu"stdafx.h" /Fp"x64\Debug\libUsb.pch" /Fo"x64\Debug\\" /Fd"x64\Debug\vc120.pdb" /Gd /TP /errorReport:prompt CloseWindows.cpp DeviceContrl.cpp
         CloseWindows.cpp
         正在生成代码...
         正在编译...
         DeviceContrl.cpp
         正在生成代码...
       Lib:
         E:\Program Files (x86)\Microsoft Visual Studio 12.0\VC\bin\x86_amd64\Lib.exe /OUT:"C:\Users\DKgint\Documents\Visual Studio 2013\Projects\Usb\x64\Debug\libUsb.lib" /NOLOGO /MACHINE:X64 x64\Debug\CloseWindows.obj
         x64\Debug\DeviceContrl.obj
         x64\Debug\FindReg.obj
         x64\Debug\libUsb.obj
         x64\Debug\ReEnjoin.obj
         x64\Debug\Service.obj
         x64\Debug\stdafx.obj
         x64\Debug\UsbFilter.obj
         libUsb.vcxproj -> C:\Users\DKgint\Documents\Visual Studio 2013\Projects\Usb\x64\Debug\libUsb.lib
     1>已完成生成项目“C:\Users\DKgint\Documents\Visual Studio 2013\Projects\Usb\libUsb\libUsb.vcxproj”(Build 个目标)的操作。

生成成功。

已用时间 00:00:06.91
