生成启动时间为 2017/3/23 14:16:12。
     1>项目“c:\Users\DKgint\documents\visual studio 2013\Projects\Usb\Usb\Usb.vcxproj”在节点 2 上(Build 个目标)。
     1>ClCompile:
         E:\Program Files (x86)\Microsoft Visual Studio 12.0\VC\bin\CL.exe /c /ZI /nologo /W3 /WX- /sdl /Od /Oy- /D WIN32 /D _DEBUG /D _WINDOWS /D _USRDLL /D USB_EXPORTS /D _WINDLL /D _UNICODE /D UNICODE /Gm /EHsc /RTC1 /MDd /GS /fp:precise /Zc:wchar_t /Zc:forScope /Fo"Debug\\" /Fd"Debug\vc120.pdb" /Gd /TP /analyze- /errorReport:prompt CloseWindows.cpp DeviceContrl.cpp dllmain.cpp FindReg.cpp ReEnjoin.cpp Service.cpp stdafx.cpp Usb.cpp UsbFilter.cpp
         UsbFilter.cpp
         Usb.cpp
         stdafx.cpp
         Service.cpp
         ReEnjoin.cpp
         FindReg.cpp
         dllmain.cpp
         DeviceContrl.cpp
         CloseWindows.cpp
         正在生成代码...
       Link:
         E:\Program Files (x86)\Microsoft Visual Studio 12.0\VC\bin\link.exe /ERRORREPORT:PROMPT /OUT:"c:\users\dkgint\documents\visual studio 2013\Projects\Usb\Debug\Usb.dll" /INCREMENTAL /NOLOGO kernel32.lib user32.lib gdi32.lib winspool.lib comdlg32.lib advapi32.lib shell32.lib ole32.lib oleaut32.lib uuid.lib odbc32.lib odbccp32.lib /MANIFEST /MANIFESTUAC:"level='asInvoker' uiAccess='false'" /manifest:embed /DEBUG /PDB:"c:\users\dkgint\documents\visual studio 2013\Projects\Usb\Debug\Usb.pdb" /SUBSYSTEM:WINDOWS /TLBID:1 /DYNAMICBASE /NXCOMPAT /IMPLIB:"c:\users\dkgint\documents\visual studio 2013\Projects\Usb\Debug\Usb.lib" /MACHINE:X86 /DLL Debug\CloseWindows.obj
         Debug\DeviceContrl.obj
         Debug\dllmain.obj
         Debug\FindReg.obj
         Debug\ReEnjoin.obj
         Debug\Service.obj
         Debug\stdafx.obj
         Debug\Usb.obj
         Debug\UsbFilter.obj
            正在创建库 c:\users\dkgint\documents\visual studio 2013\Projects\Usb\Debug\Usb.lib 和对象 c:\users\dkgint\documents\visual studio 2013\Projects\Usb\Debug\Usb.exp
         Usb.vcxproj -> c:\users\dkgint\documents\visual studio 2013\Projects\Usb\Debug\Usb.dll
     1>已完成生成项目“c:\Users\DKgint\documents\visual studio 2013\Projects\Usb\Usb\Usb.vcxproj”(Build 个目标)的操作。

生成成功。

已用时间 00:00:12.19
