生成启动时间为 2017/3/24 11:46:31。
     1>项目“C:\Users\DKgint\Documents\Visual Studio 2013\Projects\Usb\libUsb\libUsb.vcxproj”在节点 3 上(Build 个目标)。
     1>ClCompile:
         E:\Program Files (x86)\Microsoft Visual Studio 12.0\VC\bin\x86_amd64\CL.exe /c /Zi /nologo /W3 /WX- /sdl /O2 /Oi /GL /D WIN32 /D NDEBUG /D _LIB /D _UNICODE /D UNICODE /Gm- /EHsc /MT /GS /Gy /fp:precise /Zc:wchar_t /Zc:forScope /Yc"stdafx.h" /Fp"x64\Release\libUsb.pch" /Fo"x64\Release\\" /Fd"x64\Release\vc120.pdb" /Gd /TP /errorReport:prompt stdafx.cpp
         stdafx.cpp
         E:\Program Files (x86)\Microsoft Visual Studio 12.0\VC\bin\x86_amd64\CL.exe /c /Zi /nologo /W3 /WX- /sdl /O2 /Oi /GL /D WIN32 /D NDEBUG /D _LIB /D _UNICODE /D UNICODE /Gm- /EHsc /MT /GS /Gy /fp:precise /Zc:wchar_t /Zc:forScope /Yu"stdafx.h" /Fp"x64\Release\libUsb.pch" /Fo"x64\Release\\" /Fd"x64\Release\vc120.pdb" /Gd /TP /errorReport:prompt CloseWindows.cpp DeviceContrl.cpp FindReg.cpp libUsb.cpp ReEnjoin.cpp Service.cpp UsbFilter.cpp
         CloseWindows.cpp
         DeviceContrl.cpp
         FindReg.cpp
         libUsb.cpp
         ReEnjoin.cpp
         Service.cpp
         UsbFilter.cpp
       Lib:
         E:\Program Files (x86)\Microsoft Visual Studio 12.0\VC\bin\x86_amd64\Lib.exe /OUT:"C:\Users\DKgint\Documents\Visual Studio 2013\Projects\Usb\x64\Release\libUsb.lib" /NOLOGO /MACHINE:X64 /LTCG x64\Release\CloseWindows.obj
         x64\Release\DeviceContrl.obj
         x64\Release\FindReg.obj
         x64\Release\libUsb.obj
         x64\Release\ReEnjoin.obj
         x64\Release\Service.obj
         x64\Release\stdafx.obj
         x64\Release\UsbFilter.obj
         libUsb.vcxproj -> C:\Users\DKgint\Documents\Visual Studio 2013\Projects\Usb\x64\Release\libUsb.lib
     1>已完成生成项目“C:\Users\DKgint\Documents\Visual Studio 2013\Projects\Usb\libUsb\libUsb.vcxproj”(Build 个目标)的操作。

生成成功。

已用时间 00:00:14.61
