c:\users\dkgint\documents\visual studio 2013\projects\usb\mainwnd\x64\release\mainwnd.pch
c:\users\dkgint\documents\visual studio 2013\projects\usb\mainwnd\x64\release\vc120.pdb
c:\users\dkgint\documents\visual studio 2013\projects\usb\mainwnd\x64\release\stdafx.obj
c:\users\dkgint\documents\visual studio 2013\projects\usb\mainwnd\x64\release\mainwnddlg.obj
c:\users\dkgint\documents\visual studio 2013\projects\usb\mainwnd\x64\release\mainwnd.obj
c:\users\dkgint\documents\visual studio 2013\projects\lib_usb - 副本\mainwnd\x64\release\mainwnd.pch
c:\users\dkgint\documents\visual studio 2013\projects\lib_usb - 副本\mainwnd\x64\release\vc120.pdb
c:\users\dkgint\documents\visual studio 2013\projects\lib_usb - 副本\mainwnd\x64\release\stdafx.obj
c:\users\dkgint\documents\visual studio 2013\projects\lib_usb - 副本\mainwnd\x64\release\mainwnddlg.obj
c:\users\dkgint\documents\visual studio 2013\projects\lib_usb - 副本\mainwnd\x64\release\mainwnd.obj
c:\users\dkgint\documents\visual studio 2013\projects\usb\x64\release\mainwnd.exe
c:\users\dkgint\documents\visual studio 2013\projects\usb\x64\release\mainwnd.pdb
c:\users\dkgint\documents\visual studio 2013\projects\lib_usb - 副本\x64\release\mainwnd.exe
c:\users\dkgint\documents\visual studio 2013\projects\lib_usb - 副本\x64\release\mainwnd.pdb
c:\users\dkgint\documents\visual studio 2013\projects\usb\x64\release\mainwnd.lib
c:\users\dkgint\documents\visual studio 2013\projects\usb\x64\release\mainwnd.exp
c:\users\dkgint\documents\visual studio 2013\projects\lib_usb - 副本\x64\release\mainwnd.lib
c:\users\dkgint\documents\visual studio 2013\projects\lib_usb - 副本\x64\release\mainwnd.exp
c:\users\dkgint\documents\visual studio 2013\projects\usb\mainwnd\x64\release\mainwnd.res
c:\users\dkgint\documents\visual studio 2013\projects\lib_usb - 副本\mainwnd\x64\release\mainwnd.res
c:\users\dkgint\documents\visual studio 2013\projects\dll_usb\mainwnd\x64\release\mainwnd.obj
c:\users\dkgint\documents\visual studio 2013\projects\dll_usb\mainwnd\x64\release\mainwnddlg.obj
c:\users\dkgint\documents\visual studio 2013\projects\dll_usb\mainwnd\x64\release\stdafx.obj
c:\users\dkgint\documents\visual studio 2013\projects\dll_usb\mainwnd\x64\release\mainwnd.res
c:\users\dkgint\documents\visual studio 2013\projects\dll_usb\mainwnd\x64\release\mainwnd.pch
c:\users\dkgint\documents\visual studio 2013\projects\dll_usb\mainwnd\x64\release\vc120.pdb
c:\users\dkgint\documents\visual studio 2013\projects\dll_usb\x64\release\mainwnd.exe
c:\users\dkgint\documents\visual studio 2013\projects\dll_usb\mainwnd\x64\release\mainwnd.tlog\cl.command.1.tlog
c:\users\dkgint\documents\visual studio 2013\projects\dll_usb\mainwnd\x64\release\mainwnd.tlog\cl.read.1.tlog
c:\users\dkgint\documents\visual studio 2013\projects\dll_usb\mainwnd\x64\release\mainwnd.tlog\cl.write.1.tlog
c:\users\dkgint\documents\visual studio 2013\projects\dll_usb\mainwnd\x64\release\mainwnd.tlog\link.command.1.tlog
c:\users\dkgint\documents\visual studio 2013\projects\dll_usb\mainwnd\x64\release\mainwnd.tlog\link.read.1.tlog
c:\users\dkgint\documents\visual studio 2013\projects\dll_usb\mainwnd\x64\release\mainwnd.tlog\link.write.1.tlog
c:\users\dkgint\documents\visual studio 2013\projects\dll_usb\mainwnd\x64\release\mainwnd.tlog\mainwnd.write.1u.tlog
c:\users\dkgint\documents\visual studio 2013\projects\dll_usb\mainwnd\x64\release\mainwnd.tlog\rc.command.1.tlog
c:\users\dkgint\documents\visual studio 2013\projects\dll_usb\mainwnd\x64\release\mainwnd.tlog\rc.read.1.tlog
c:\users\dkgint\documents\visual studio 2013\projects\dll_usb\mainwnd\x64\release\mainwnd.tlog\rc.write.1.tlog
