c:\users\dkgint\documents\visual studio 2013\projects\usb\usb\x64\release\vc120.pdb
c:\users\dkgint\documents\visual studio 2013\projects\usb\usb\x64\release\usbfilter.obj
c:\users\dkgint\documents\visual studio 2013\projects\usb\usb\x64\release\usb.obj
c:\users\dkgint\documents\visual studio 2013\projects\usb\usb\x64\release\stdafx.obj
c:\users\dkgint\documents\visual studio 2013\projects\usb\usb\x64\release\service.obj
c:\users\dkgint\documents\visual studio 2013\projects\usb\usb\x64\release\reenjoin.obj
c:\users\dkgint\documents\visual studio 2013\projects\usb\usb\x64\release\findreg.obj
c:\users\dkgint\documents\visual studio 2013\projects\usb\usb\x64\release\dllmain.obj
c:\users\dkgint\documents\visual studio 2013\projects\usb\usb\x64\release\devicecontrl.obj
c:\users\dkgint\documents\visual studio 2013\projects\usb\usb\x64\release\closewindows.obj
c:\users\dkgint\documents\visual studio 2013\projects\lib_usb - 副本\usb\x64\release\vc120.pdb
c:\users\dkgint\documents\visual studio 2013\projects\lib_usb - 副本\usb\x64\release\usbfilter.obj
c:\users\dkgint\documents\visual studio 2013\projects\lib_usb - 副本\usb\x64\release\usb.obj
c:\users\dkgint\documents\visual studio 2013\projects\lib_usb - 副本\usb\x64\release\stdafx.obj
c:\users\dkgint\documents\visual studio 2013\projects\lib_usb - 副本\usb\x64\release\service.obj
c:\users\dkgint\documents\visual studio 2013\projects\lib_usb - 副本\usb\x64\release\reenjoin.obj
c:\users\dkgint\documents\visual studio 2013\projects\lib_usb - 副本\usb\x64\release\findreg.obj
c:\users\dkgint\documents\visual studio 2013\projects\lib_usb - 副本\usb\x64\release\dllmain.obj
c:\users\dkgint\documents\visual studio 2013\projects\lib_usb - 副本\usb\x64\release\devicecontrl.obj
c:\users\dkgint\documents\visual studio 2013\projects\lib_usb - 副本\usb\x64\release\closewindows.obj
c:\users\dkgint\documents\visual studio 2013\projects\usb\x64\release\dllusb.lib
c:\users\dkgint\documents\visual studio 2013\projects\usb\x64\release\dllusb.exp
c:\users\dkgint\documents\visual studio 2013\projects\lib_usb - 副本\x64\release\dllusb.lib
c:\users\dkgint\documents\visual studio 2013\projects\lib_usb - 副本\x64\release\dllusb.exp
c:\users\dkgint\documents\visual studio 2013\projects\usb\x64\release\dllusb.dll
c:\users\dkgint\documents\visual studio 2013\projects\usb\x64\release\dllusb.pdb
c:\users\dkgint\documents\visual studio 2013\projects\lib_usb - 副本\x64\release\dllusb.dll
c:\users\dkgint\documents\visual studio 2013\projects\lib_usb - 副本\x64\release\dllusb.pdb
c:\users\dkgint\documents\visual studio 2013\projects\dll_usb\usb\x64\release\closewindows.obj
c:\users\dkgint\documents\visual studio 2013\projects\dll_usb\usb\x64\release\devicecontrl.obj
c:\users\dkgint\documents\visual studio 2013\projects\dll_usb\usb\x64\release\dllmain.obj
c:\users\dkgint\documents\visual studio 2013\projects\dll_usb\usb\x64\release\findreg.obj
c:\users\dkgint\documents\visual studio 2013\projects\dll_usb\usb\x64\release\reenjoin.obj
c:\users\dkgint\documents\visual studio 2013\projects\dll_usb\usb\x64\release\service.obj
c:\users\dkgint\documents\visual studio 2013\projects\dll_usb\usb\x64\release\stdafx.obj
c:\users\dkgint\documents\visual studio 2013\projects\dll_usb\usb\x64\release\usb.obj
c:\users\dkgint\documents\visual studio 2013\projects\dll_usb\usb\x64\release\usbfilter.obj
c:\users\dkgint\documents\visual studio 2013\projects\dll_usb\usb\x64\release\vc120.pdb
c:\users\dkgint\documents\visual studio 2013\projects\dll_usb\x64\release\dllusb.dll
c:\users\dkgint\documents\visual studio 2013\projects\dll_usb\usb\x64\release\dllusb.tlog\cl.command.1.tlog
c:\users\dkgint\documents\visual studio 2013\projects\dll_usb\usb\x64\release\dllusb.tlog\cl.read.1.tlog
c:\users\dkgint\documents\visual studio 2013\projects\dll_usb\usb\x64\release\dllusb.tlog\cl.write.1.tlog
c:\users\dkgint\documents\visual studio 2013\projects\dll_usb\usb\x64\release\dllusb.tlog\dllusb.write.1u.tlog
c:\users\dkgint\documents\visual studio 2013\projects\dll_usb\usb\x64\release\dllusb.tlog\link.command.1.tlog
c:\users\dkgint\documents\visual studio 2013\projects\dll_usb\usb\x64\release\dllusb.tlog\link.read.1.tlog
c:\users\dkgint\documents\visual studio 2013\projects\dll_usb\usb\x64\release\dllusb.tlog\link.write.1.tlog
